<?xml version="1.0" encoding="UTF-8"?>
<!-- Generated by org.testng.reporters.JUnitReportReporter -->
<testsuite hostname="DESKTOP-4EHNAOM" failures="0" tests="1" name="testpkg.sampletestwebscoket" time="1.870" errors="0" timestamp="2023-11-28T15:17:04 IST" skipped="0">
  <testcase classname="testpkg.sampletestwebscoket" name="testWebSocketCommunication" time="1.870"/>
</testsuite> <!-- testpkg.sampletestwebscoket -->
